Arguments: 
  /home/jtsoa/.nvm/versions/node/v15.6.0/bin/node /home/jtsoa/.nvm/versions/node/v15.6.0/bin/yarn add @types/paho-mqt

PATH: 
  /home/jtsoa/.zinit/polaris/bin:/home/jtsoa/.nvm/versions/node/v15.6.0/bin:/usr/local/sbin:/usr/local/bin:/usr/sbin:/usr/bin:/sbin:/bin:/usr/games:/usr/local/games:/snap/bin

Yarn version: 
  1.22.10

Node version: 
  15.6.0

Platform: 
  linux x64

Trace: 
  Error: https://registry.yarnpkg.com/@types%2fpaho-mqt: Not found
      at Request.params.callback [as _callback] (/home/jtsoa/.nvm/versions/node/v15.6.0/lib/node_modules/yarn/lib/cli.js:66988:18)
      at Request.self.callback (/home/jtsoa/.nvm/versions/node/v15.6.0/lib/node_modules/yarn/lib/cli.js:140662:22)
      at Request.emit (node:events:379:20)
      at Request.<anonymous> (/home/jtsoa/.nvm/versions/node/v15.6.0/lib/node_modules/yarn/lib/cli.js:141634:10)
      at Request.emit (node:events:379:20)
      at IncomingMessage.<anonymous> (/home/jtsoa/.nvm/versions/node/v15.6.0/lib/node_modules/yarn/lib/cli.js:141556:12)
      at Object.onceWrapper (node:events:485:28)
      at IncomingMessage.emit (node:events:391:22)
      at endReadableNT (node:internal/streams/readable:1307:12)
      at processTicksAndRejections (node:internal/process/task_queues:81:21)

npm manifest: 
  {
    "name": "influx_mqtt",
    "version": "1.0.0",
    "main": "index.js",
    "license": "MIT",
    "dependencies": {
      "influx": "^5.9.2",
      "paho-mqtt": "^1.1.0"
    }
  }

yarn manifest: 
  No manifest

Lockfile: 
  # THIS IS AN AUTOGENERATED FILE. DO NOT EDIT THIS FILE DIRECTLY.
  # yarn lockfile v1
  
  
  influx@^5.9.2:
    version "5.9.2"
    resolved "https://registry.yarnpkg.com/influx/-/influx-5.9.2.tgz#10711f7573058b1f0752c57f8f2ab13dbab9788a"
    integrity sha512-N2YRIQiwCO60BzmzEzTxyWj/hDNsce2CLSmki8S1qbRwwuKecfvC6n0OwJrFV70lk5CpU/sLsOZFIy6PP01nOA==
  
  paho-mqtt@^1.1.0:
    version "1.1.0"
    resolved "https://registry.yarnpkg.com/paho-mqtt/-/paho-mqtt-1.1.0.tgz#8c10e29eb162e966fb15188d965c3dce505de9d9"
    integrity sha512-KPbL9KAB0ASvhSDbOrZBaccXS+/s7/LIofbPyERww8hM5Ko71GUJQ6Nmg0BWqj8phAIT8zdf/Sd/RftHU9i2HA==
